+ [[ fv3_ww3.exe == fv3_ww3.exe ]]
+ rm -f /gpfs/dell3/ptmp/Henrique.Alves/rtgen.11572/exec/fv3_ww3.exe
+ md5sum=/gpfs/dell3/ptmp/Henrique.Alves/rtgen.11572/exec/fv3_ww3.exe.md5
+ OPTS=app=coupledFV3_WW3
+ mkdir -p /gpfs/dell3/ptmp/Henrique.Alves/rtgen.11572/exec /gpfs/dell3/ptmp/Henrique.Alves/rtgen.11572/include
+ rm -f /gpfs/dell3/ptmp/Henrique.Alves/rtgen.11572/exec/fv3_ww3.exe /gpfs/dell3/ptmp/Henrique.Alves/rtgen.11572/include/modules_fv3_ww3
+ cd /gpfs/dell2/emc/modeling/noscrub/Henrique.Alves/GFSv16/UFS/ufs-weather-model
+ which aprun
which: no aprun in (/gpfs/lsf/10.1/linux3.10-glibc2.17-x86_64/bin:/gpfs/dell3/usrx/local/dev/emc_rocoto/emc-utils-1.0.0/bin:/gpfs/dell3/usrx/local/dev/emc_rocoto/rocoto-1.3.0rc2/bin:/gpfs/lsf/10.1/linux3.10-glibc2.17-x86_64/etc:/gpfs/dell3/usrx/local/dev/emc_rocoto/ruby-2.5.1/bin:.:/usr/lib64/qt-3.3/bin:/usr/local/bin:/usr/bin:/usr/local/sbin:/usr/sbin:/usr/lpp/mmfs/bin:/opt/ibutils/bin:/opt/dell/srvadmin/bin:/u/Henrique.Alves/bin:/marine/save/Henrique.Alves/bin)
+ ./NEMS/NEMSAppBuilder norebuild app=coupledFV3_WW3
ls: cannot access ../conf/component_*.mk: No such file or directory
NEMSAppBuilder: make  app=coupledFV3_WW3 build
Convert /gpfs/dell2/emc/modeling/noscrub/Henrique.Alves/GFSv16/UFS/ufs-weather-model/coupledFV3_WW3.appBuilder
...into /gpfs/dell2/emc/modeling/noscrub/Henrique.Alves/GFSv16/UFS/ufs-weather-model/coupledFV3_WW3.appBuilder.mk
Include /gpfs/dell2/emc/modeling/noscrub/Henrique.Alves/GFSv16/UFS/ufs-weather-model/coupledFV3_WW3.appBuilder.mk
echo 'FMS FV3 WW3' > "/gpfs/dell2/emc/modeling/noscrub/Henrique.Alves/GFSv16/UFS/ufs-weather-model/NEMS/src/conf/components.mk"
Adding FV3 makeopts to FMS makeopts
. /gpfs/dell2/emc/modeling/noscrub/Henrique.Alves/GFSv16/UFS/ufs-weather-model/NEMS/src/conf/module-setup.sh.inc ; stack=`ulimit -S -s`                  ; ulimit -S -s 200000                     ; module use /gpfs/dell2/emc/modeling/noscrub/Henrique.Alves/GFSv16/UFS/ufs-weather-model/NEMS/src/conf                 ; module load modules.nems              ; module list                           ; ulimit -S -s $stack ; cd /gpfs/dell2/emc/modeling/noscrub/Henrique.Alves/GFSv16/UFS/ufs-weather-model/FMS/fv3gfs                      ; \
exec make  all

Currently Loaded Modules:
  1) ips/18.0.1.163       8) sp/2.0.3      15) jasper/1.900.29
  2) impi/18.0.1          9) w3nco/2.0.7   16) libpng/1.2.59
  3) NetCDF/4.5.0        10) w3emc/2.3.1   17) zlib/1.2.11
  4) HDF5-serial/1.10.1  11) nemsio/2.2.4  18) post/8.0.0
  5) lsf/10.1            12) g2/3.1.1      19) esmf/8.0.0
  6) bacio/2.0.3         13) g2tmpl/1.5.1  20) cmake/3.10.0
  7) ip/3.0.2            14) crtm/2.2.6    21) modules.nems

 

make[1]: Entering directory `/gpfs/dell2/emc/modeling/noscrub/Henrique.Alves/GFSv16/UFS/ufs-weather-model/FMS/fv3gfs'
mkdir -p "/gpfs/dell2/emc/modeling/noscrub/Henrique.Alves/GFSv16/UFS/ufs-weather-model/FMS/FMS_INSTALL"
mv fms.mk "/gpfs/dell2/emc/modeling/noscrub/Henrique.Alves/GFSv16/UFS/ufs-weather-model/FMS/FMS_INSTALL/."
cp -fp *.a *.mod ../include/*.h "/gpfs/dell2/emc/modeling/noscrub/Henrique.Alves/GFSv16/UFS/ufs-weather-model/FMS/FMS_INSTALL"/.
make[1]: Leaving directory `/gpfs/dell2/emc/modeling/noscrub/Henrique.Alves/GFSv16/UFS/ufs-weather-model/FMS/fv3gfs'
test -d /gpfs/dell2/emc/modeling/noscrub/Henrique.Alves/GFSv16/UFS/ufs-weather-model/FMS/FMS_INSTALL
Compiling  into /gpfs/dell2/emc/modeling/noscrub/Henrique.Alves/GFSv16/UFS/ufs-weather-model/FV3/FV3_INSTALL on wcoss
cp -fp /gpfs/dell2/emc/modeling/noscrub/Henrique.Alves/GFSv16/UFS/ufs-weather-model/NEMS/src/conf/configure.nems \
       "/gpfs/dell2/emc/modeling/noscrub/Henrique.Alves/GFSv16/UFS/ufs-weather-model/FV3"/conf/configure.fv3
cp -fp /gpfs/dell2/emc/modeling/noscrub/Henrique.Alves/GFSv16/UFS/ufs-weather-model/NEMS/src/conf/modules.nems   \
       "/gpfs/dell2/emc/modeling/noscrub/Henrique.Alves/GFSv16/UFS/ufs-weather-model/FV3"/conf/modules.fv3
. /gpfs/dell2/emc/modeling/noscrub/Henrique.Alves/GFSv16/UFS/ufs-weather-model/NEMS/src/conf/module-setup.sh.inc ; stack=`ulimit -S -s`                  ; ulimit -S -s 200000                     ; module use /gpfs/dell2/emc/modeling/noscrub/Henrique.Alves/GFSv16/UFS/ufs-weather-model/NEMS/src/conf                 ; module load modules.nems              ; module list                           ; ulimit -S -s $stack ; cd /gpfs/dell2/emc/modeling/noscrub/Henrique.Alves/GFSv16/UFS/ufs-weather-model/FV3 ; \
  exec make COMP=FV3 COMP_SRCDIR=/gpfs/dell2/emc/modeling/noscrub/Henrique.Alves/GFSv16/UFS/ufs-weather-model/FV3 COMP_BINDIR=/gpfs/dell2/emc/modeling/noscrub/Henrique.Alves/GFSv16/UFS/ufs-weather-model/FV3/FV3_INSTALL MACHINE_ID=wcoss FMS_DIR=/gpfs/dell2/emc/modeling/noscrub/Henrique.Alves/GFSv16/UFS/ufs-weather-model/FMS/FMS_INSTALL  nemsinstall

Currently Loaded Modules:
  1) ips/18.0.1.163       8) sp/2.0.3      15) jasper/1.900.29
  2) impi/18.0.1          9) w3nco/2.0.7   16) libpng/1.2.59
  3) NetCDF/4.5.0        10) w3emc/2.3.1   17) zlib/1.2.11
  4) HDF5-serial/1.10.1  11) nemsio/2.2.4  18) post/8.0.0
  5) lsf/10.1            12) g2/3.1.1      19) esmf/8.0.0
  6) bacio/2.0.3         13) g2tmpl/1.5.1  20) cmake/3.10.0
  7) ip/3.0.2            14) crtm/2.2.6    21) modules.nems

 

make[1]: Entering directory `/gpfs/dell2/emc/modeling/noscrub/Henrique.Alves/GFSv16/UFS/ufs-weather-model/FV3'
make -C cpl                  FMS_DIR=/gpfs/dell2/emc/modeling/noscrub/Henrique.Alves/GFSv16/UFS/ufs-weather-model/FMS/FMS_INSTALL

Build standalone FV3 io ...

make[2]: Entering directory `/gpfs/dell2/emc/modeling/noscrub/Henrique.Alves/GFSv16/UFS/ufs-weather-model/FV3/cpl'
make[2]: Nothing to be done for `all'.
make[2]: Leaving directory `/gpfs/dell2/emc/modeling/noscrub/Henrique.Alves/GFSv16/UFS/ufs-weather-model/FV3/cpl'
make -C gfsphysics      FMS_DIR=/gpfs/dell2/emc/modeling/noscrub/Henrique.Alves/GFSv16/UFS/ufs-weather-model/FMS/FMS_INSTALL 32BIT=N  # force gfs physics to 64bit

Build standalone FV3 gfsphysics ...

make[2]: Entering directory `/gpfs/dell2/emc/modeling/noscrub/Henrique.Alves/GFSv16/UFS/ufs-weather-model/FV3/gfsphysics'
make[2]: Nothing to be done for `all'.
make[2]: Leaving directory `/gpfs/dell2/emc/modeling/noscrub/Henrique.Alves/GFSv16/UFS/ufs-weather-model/FV3/gfsphysics'
make -C ipd                  FMS_DIR=/gpfs/dell2/emc/modeling/noscrub/Henrique.Alves/GFSv16/UFS/ufs-weather-model/FMS/FMS_INSTALL 32BIT=N  # force gfs physics to 64bit

Build standalone FV3 gfsphysics ...

make[2]: Entering directory `/gpfs/dell2/emc/modeling/noscrub/Henrique.Alves/GFSv16/UFS/ufs-weather-model/FV3/ipd'
make[2]: Nothing to be done for `all'.
make[2]: Leaving directory `/gpfs/dell2/emc/modeling/noscrub/Henrique.Alves/GFSv16/UFS/ufs-weather-model/FV3/ipd'
make -C io                   FMS_DIR=/gpfs/dell2/emc/modeling/noscrub/Henrique.Alves/GFSv16/UFS/ufs-weather-model/FMS/FMS_INSTALL

Build standalone FV3 io ...

$ESMF_INC is [-I/gpfs/dell2/emc/modeling/noscrub/emc.nemspara/soft/esmf/8.0.0/mod -I/gpfs/dell2/emc/modeling/noscrub/emc.nemspara/soft/esmf/8.0.0/include -I/usrx/local/prod/packages/ips/18.0.1/netcdf/4.5.0/include]
make[2]: Entering directory `/gpfs/dell2/emc/modeling/noscrub/Henrique.Alves/GFSv16/UFS/ufs-weather-model/FV3/io'
make[2]: Nothing to be done for `all'.
make[2]: Leaving directory `/gpfs/dell2/emc/modeling/noscrub/Henrique.Alves/GFSv16/UFS/ufs-weather-model/FV3/io'
make -C atmos_cubed_sphere   FMS_DIR=/gpfs/dell2/emc/modeling/noscrub/Henrique.Alves/GFSv16/UFS/ufs-weather-model/FMS/FMS_INSTALL

Build standalone FV3 fv3core ...

make[2]: Entering directory `/gpfs/dell2/emc/modeling/noscrub/Henrique.Alves/GFSv16/UFS/ufs-weather-model/FV3/atmos_cubed_sphere'
make[2]: Nothing to be done for `all'.
make[2]: Leaving directory `/gpfs/dell2/emc/modeling/noscrub/Henrique.Alves/GFSv16/UFS/ufs-weather-model/FV3/atmos_cubed_sphere'
make -C ../stochastic_physics   FMS_DIR=/gpfs/dell2/emc/modeling/noscrub/Henrique.Alves/GFSv16/UFS/ufs-weather-model/FMS/FMS_INSTALL 32BIT=N  # force gfs physics to 64bit

Build standalone FV3 stochastic_physics ...

make[2]: Entering directory `/gpfs/dell2/emc/modeling/noscrub/Henrique.Alves/GFSv16/UFS/ufs-weather-model/stochastic_physics'
make[2]: Nothing to be done for `all'.
make[2]: Leaving directory `/gpfs/dell2/emc/modeling/noscrub/Henrique.Alves/GFSv16/UFS/ufs-weather-model/stochastic_physics'
make libfv3cap.a  FMS_DIR=/gpfs/dell2/emc/modeling/noscrub/Henrique.Alves/GFSv16/UFS/ufs-weather-model/FMS/FMS_INSTALL
make[2]: Entering directory `/gpfs/dell2/emc/modeling/noscrub/Henrique.Alves/GFSv16/UFS/ufs-weather-model/FV3'
make[2]: `libfv3cap.a' is up to date.
make[2]: Leaving directory `/gpfs/dell2/emc/modeling/noscrub/Henrique.Alves/GFSv16/UFS/ufs-weather-model/FV3'
make esmf_make_fragment FMS_DIR=/gpfs/dell2/emc/modeling/noscrub/Henrique.Alves/GFSv16/UFS/ufs-weather-model/FMS/FMS_INSTALL
make[2]: Entering directory `/gpfs/dell2/emc/modeling/noscrub/Henrique.Alves/GFSv16/UFS/ufs-weather-model/FV3'
# additional include files needed for PGI
#@echo "ESMF_DEP_INCPATH   = /gpfs/dell2/emc/modeling/noscrub/Henrique.Alves/GFSv16/UFS/ufs-weather-model/FV3/nems_dir" >> fv3.mk

Finished generating ESMF self-describing build dependency makefile fragment: fv3.mk

make[2]: Leaving directory `/gpfs/dell2/emc/modeling/noscrub/Henrique.Alves/GFSv16/UFS/ufs-weather-model/FV3'
Installation into "/gpfs/dell2/emc/modeling/noscrub/Henrique.Alves/GFSv16/UFS/ufs-weather-model/FV3/FV3_INSTALL" complete!

make[1]: Leaving directory `/gpfs/dell2/emc/modeling/noscrub/Henrique.Alves/GFSv16/UFS/ufs-weather-model/FV3'
test -d /gpfs/dell2/emc/modeling/noscrub/Henrique.Alves/GFSv16/UFS/ufs-weather-model/FV3/FV3_INSTALL
. /gpfs/dell2/emc/modeling/noscrub/Henrique.Alves/GFSv16/UFS/ufs-weather-model/NEMS/src/conf/module-setup.sh.inc ; stack=`ulimit -S -s`                  ; ulimit -S -s 200000                     ; module use /gpfs/dell2/emc/modeling/noscrub/Henrique.Alves/GFSv16/UFS/ufs-weather-model/NEMS/src/conf                 ; module load modules.nems              ; module list                           ; ulimit -S -s $stack ; set -x ; cd /gpfs/dell2/emc/modeling/noscrub/Henrique.Alves/GFSv16/UFS/ufs-weather-model/WW3/model/esmf       ; \
export COMP_SRCDIR="/gpfs/dell2/emc/modeling/noscrub/Henrique.Alves/GFSv16/UFS/ufs-weather-model/WW3/model" COMP_BINDIR="/gpfs/dell2/emc/modeling/noscrub/Henrique.Alves/GFSv16/UFS/ufs-weather-model/WW3/WW3_INSTALL" WW3_COMP="wcoss_dell_p3"                                  ; \
exec make -j 1 WW3_COMP="wcoss_dell_p3" ww3_nems

Currently Loaded Modules:
  1) ips/18.0.1.163       8) sp/2.0.3      15) jasper/1.900.29
  2) impi/18.0.1          9) w3nco/2.0.7   16) libpng/1.2.59
  3) NetCDF/4.5.0        10) w3emc/2.3.1   17) zlib/1.2.11
  4) HDF5-serial/1.10.1  11) nemsio/2.2.4  18) post/8.0.0
  5) lsf/10.1            12) g2/3.1.1      19) esmf/8.0.0
  6) bacio/2.0.3         13) g2tmpl/1.5.1  20) cmake/3.10.0
  7) ip/3.0.2            14) crtm/2.2.6    21) modules.nems

 

+ cd /gpfs/dell2/emc/modeling/noscrub/Henrique.Alves/GFSv16/UFS/ufs-weather-model/WW3/model/esmf
+ export COMP_SRCDIR=/gpfs/dell2/emc/modeling/noscrub/Henrique.Alves/GFSv16/UFS/ufs-weather-model/WW3/model COMP_BINDIR=/gpfs/dell2/emc/modeling/noscrub/Henrique.Alves/GFSv16/UFS/ufs-weather-model/WW3/WW3_INSTALL WW3_COMP=wcoss_dell_p3
+ COMP_SRCDIR=/gpfs/dell2/emc/modeling/noscrub/Henrique.Alves/GFSv16/UFS/ufs-weather-model/WW3/model
+ COMP_BINDIR=/gpfs/dell2/emc/modeling/noscrub/Henrique.Alves/GFSv16/UFS/ufs-weather-model/WW3/WW3_INSTALL
+ WW3_COMP=wcoss_dell_p3
+ exec make -j 1 WW3_COMP=wcoss_dell_p3 ww3_nems
make[1]: Entering directory `/gpfs/dell2/emc/modeling/noscrub/Henrique.Alves/GFSv16/UFS/ufs-weather-model/WW3/model/esmf'
 
                *****************************
              ***   WAVEWATCH III setup     ***
                *****************************
 
 
[INFO] local env file wwatch3.env found in /gpfs/dell2/emc/modeling/noscrub/Henrique.Alves/GFSv16/UFS/ufs-weather-model/WW3/model/bin/wwatch3.env
   Setup file /gpfs/dell2/emc/modeling/noscrub/Henrique.Alves/GFSv16/UFS/ufs-weather-model/WW3/model/bin/wwatch3.env found
      Printer (listings)          : 
      auxiliary FORTRAN compiler  : gfortran
      auxiliary C compiler        : gcc
      Source directory            : /gpfs/dell2/emc/modeling/noscrub/Henrique.Alves/GFSv16/UFS/ufs-weather-model/WW3/model
      Scratch directory           : /gpfs/dell2/emc/modeling/noscrub/Henrique.Alves/GFSv16/UFS/ufs-weather-model/WW3/model/tmp
      Save source code            : yes
      Save listings               : yes
 
   Setup makefile for auxiliary programs
 
 
   Compile auxiliary programs
make[2]: Entering directory `/gpfs/dell2/emc/modeling/noscrub/Henrique.Alves/GFSv16/UFS/ufs-weather-model/WW3/model/aux'
make[2]: Nothing to be done for `all'.
make[2]: Leaving directory `/gpfs/dell2/emc/modeling/noscrub/Henrique.Alves/GFSv16/UFS/ufs-weather-model/WW3/model/aux'
 
 
   Setup comp & link files
      copy /gpfs/dell2/emc/modeling/noscrub/Henrique.Alves/GFSv16/UFS/ufs-weather-model/WW3/model/bin/comp.wcoss_dell_p3 => /gpfs/dell2/emc/modeling/noscrub/Henrique.Alves/GFSv16/UFS/ufs-weather-model/WW3/model/bin/comp
      copy /gpfs/dell2/emc/modeling/noscrub/Henrique.Alves/GFSv16/UFS/ufs-weather-model/WW3/model/bin/link.wcoss_dell_p3 => /gpfs/dell2/emc/modeling/noscrub/Henrique.Alves/GFSv16/UFS/ufs-weather-model/WW3/model/bin/link
 
   Create required model subdirectories
 
Finished setting up WAVEWATCH III
 
\rm -f /gpfs/dell2/emc/modeling/noscrub/Henrique.Alves/GFSv16/UFS/ufs-weather-model/WW3/model/bin/tempswitch
/gpfs/dell2/emc/modeling/noscrub/Henrique.Alves/GFSv16/UFS/ufs-weather-model/WW3/model/bin/w3_make ww3_grid
 
                *****************************
              ***   WAVEWATCH III make      ***
                *****************************
 
Main directory    : /gpfs/dell2/emc/modeling/noscrub/Henrique.Alves/GFSv16/UFS/ufs-weather-model/WW3/model
Scratch directory : /gpfs/dell2/emc/modeling/noscrub/Henrique.Alves/GFSv16/UFS/ufs-weather-model/WW3/model/tmp
Save source codes : yes
Save listings     : yes
Shared Object     : No
 
[INFO] list of the programs selected : ww3_grid
Making makefile ...
 
                *****************************
              ***   WAVEWATCH III makefile  ***
                *****************************
 
switch = /gpfs/dell2/emc/modeling/noscrub/Henrique.Alves/GFSv16/UFS/ufs-weather-model/WW3/model/bin/switch
   new GRIB package
   Checking all subroutines for modules (this may take a while) ...
 
Processing ww3_grid
---------------------
make[2]: Entering directory `/gpfs/dell2/emc/modeling/noscrub/Henrique.Alves/GFSv16/UFS/ufs-weather-model/WW3/model/ftn'
make[2]: `/gpfs/dell2/emc/modeling/noscrub/Henrique.Alves/GFSv16/UFS/ufs-weather-model/WW3/model/exe/ww3_grid' is up to date.
make[2]: Leaving directory `/gpfs/dell2/emc/modeling/noscrub/Henrique.Alves/GFSv16/UFS/ufs-weather-model/WW3/model/ftn'
 
 
                       **********************
                     *** end of compilation ***
                       **********************
 
/gpfs/dell2/emc/modeling/noscrub/Henrique.Alves/GFSv16/UFS/ufs-weather-model/WW3/model/bin/w3_make ww3_outf
 
                *****************************
              ***   WAVEWATCH III make      ***
                *****************************
 
Main directory    : /gpfs/dell2/emc/modeling/noscrub/Henrique.Alves/GFSv16/UFS/ufs-weather-model/WW3/model
Scratch directory : /gpfs/dell2/emc/modeling/noscrub/Henrique.Alves/GFSv16/UFS/ufs-weather-model/WW3/model/tmp
Save source codes : yes
Save listings     : yes
Shared Object     : No
 
[INFO] list of the programs selected : ww3_outf
 
Processing ww3_outf
---------------------
make[2]: Entering directory `/gpfs/dell2/emc/modeling/noscrub/Henrique.Alves/GFSv16/UFS/ufs-weather-model/WW3/model/ftn'
make[2]: `/gpfs/dell2/emc/modeling/noscrub/Henrique.Alves/GFSv16/UFS/ufs-weather-model/WW3/model/exe/ww3_outf' is up to date.
make[2]: Leaving directory `/gpfs/dell2/emc/modeling/noscrub/Henrique.Alves/GFSv16/UFS/ufs-weather-model/WW3/model/ftn'
 
 
                       **********************
                     *** end of compilation ***
                       **********************
 
/gpfs/dell2/emc/modeling/noscrub/Henrique.Alves/GFSv16/UFS/ufs-weather-model/WW3/model/bin/w3_make ww3_outp
 
                *****************************
              ***   WAVEWATCH III make      ***
                *****************************
 
Main directory    : /gpfs/dell2/emc/modeling/noscrub/Henrique.Alves/GFSv16/UFS/ufs-weather-model/WW3/model
Scratch directory : /gpfs/dell2/emc/modeling/noscrub/Henrique.Alves/GFSv16/UFS/ufs-weather-model/WW3/model/tmp
Save source codes : yes
Save listings     : yes
Shared Object     : No
 
[INFO] list of the programs selected : ww3_outp
 
Processing ww3_outp
---------------------
make[2]: Entering directory `/gpfs/dell2/emc/modeling/noscrub/Henrique.Alves/GFSv16/UFS/ufs-weather-model/WW3/model/ftn'
make[2]: `/gpfs/dell2/emc/modeling/noscrub/Henrique.Alves/GFSv16/UFS/ufs-weather-model/WW3/model/exe/ww3_outp' is up to date.
make[2]: Leaving directory `/gpfs/dell2/emc/modeling/noscrub/Henrique.Alves/GFSv16/UFS/ufs-weather-model/WW3/model/ftn'
 
 
                       **********************
                     *** end of compilation ***
                       **********************
 
/gpfs/dell2/emc/modeling/noscrub/Henrique.Alves/GFSv16/UFS/ufs-weather-model/WW3/model/bin/w3_make ww3_prep
 
                *****************************
              ***   WAVEWATCH III make      ***
                *****************************
 
Main directory    : /gpfs/dell2/emc/modeling/noscrub/Henrique.Alves/GFSv16/UFS/ufs-weather-model/WW3/model
Scratch directory : /gpfs/dell2/emc/modeling/noscrub/Henrique.Alves/GFSv16/UFS/ufs-weather-model/WW3/model/tmp
Save source codes : yes
Save listings     : yes
Shared Object     : No
 
[INFO] list of the programs selected : ww3_prep
 
Processing ww3_prep
---------------------
make[2]: Entering directory `/gpfs/dell2/emc/modeling/noscrub/Henrique.Alves/GFSv16/UFS/ufs-weather-model/WW3/model/ftn'
make[2]: `/gpfs/dell2/emc/modeling/noscrub/Henrique.Alves/GFSv16/UFS/ufs-weather-model/WW3/model/exe/ww3_prep' is up to date.
make[2]: Leaving directory `/gpfs/dell2/emc/modeling/noscrub/Henrique.Alves/GFSv16/UFS/ufs-weather-model/WW3/model/ftn'
 
 
                       **********************
                     *** end of compilation ***
                       **********************
 
/gpfs/dell2/emc/modeling/noscrub/Henrique.Alves/GFSv16/UFS/ufs-weather-model/WW3/model/bin/w3_make ww3_gint
 
                *****************************
              ***   WAVEWATCH III make      ***
                *****************************
 
Main directory    : /gpfs/dell2/emc/modeling/noscrub/Henrique.Alves/GFSv16/UFS/ufs-weather-model/WW3/model
Scratch directory : /gpfs/dell2/emc/modeling/noscrub/Henrique.Alves/GFSv16/UFS/ufs-weather-model/WW3/model/tmp
Save source codes : yes
Save listings     : yes
Shared Object     : No
 
[INFO] list of the programs selected : ww3_gint
 
Processing ww3_gint
---------------------
make[2]: Entering directory `/gpfs/dell2/emc/modeling/noscrub/Henrique.Alves/GFSv16/UFS/ufs-weather-model/WW3/model/ftn'
make[2]: `/gpfs/dell2/emc/modeling/noscrub/Henrique.Alves/GFSv16/UFS/ufs-weather-model/WW3/model/exe/ww3_gint' is up to date.
make[2]: Leaving directory `/gpfs/dell2/emc/modeling/noscrub/Henrique.Alves/GFSv16/UFS/ufs-weather-model/WW3/model/ftn'
 
 
                       **********************
                     *** end of compilation ***
                       **********************
 
/gpfs/dell2/emc/modeling/noscrub/Henrique.Alves/GFSv16/UFS/ufs-weather-model/WW3/model/bin/w3_make ww3_prnc
 
                *****************************
              ***   WAVEWATCH III make      ***
                *****************************
 
Main directory    : /gpfs/dell2/emc/modeling/noscrub/Henrique.Alves/GFSv16/UFS/ufs-weather-model/WW3/model
Scratch directory : /gpfs/dell2/emc/modeling/noscrub/Henrique.Alves/GFSv16/UFS/ufs-weather-model/WW3/model/tmp
Save source codes : yes
Save listings     : yes
Shared Object     : No
 
[INFO] list of the programs selected : ww3_prnc
 
Processing ww3_prnc
---------------------
make[2]: Entering directory `/gpfs/dell2/emc/modeling/noscrub/Henrique.Alves/GFSv16/UFS/ufs-weather-model/WW3/model/ftn'
make[2]: `/gpfs/dell2/emc/modeling/noscrub/Henrique.Alves/GFSv16/UFS/ufs-weather-model/WW3/model/exe/ww3_prnc' is up to date.
make[2]: Leaving directory `/gpfs/dell2/emc/modeling/noscrub/Henrique.Alves/GFSv16/UFS/ufs-weather-model/WW3/model/ftn'
 
 
                       **********************
                     *** end of compilation ***
                       **********************
 
/gpfs/dell2/emc/modeling/noscrub/Henrique.Alves/GFSv16/UFS/ufs-weather-model/WW3/model/bin/w3_make ww3_ounf
 
                *****************************
              ***   WAVEWATCH III make      ***
                *****************************
 
Main directory    : /gpfs/dell2/emc/modeling/noscrub/Henrique.Alves/GFSv16/UFS/ufs-weather-model/WW3/model
Scratch directory : /gpfs/dell2/emc/modeling/noscrub/Henrique.Alves/GFSv16/UFS/ufs-weather-model/WW3/model/tmp
Save source codes : yes
Save listings     : yes
Shared Object     : No
 
[INFO] list of the programs selected : ww3_ounf
 
Processing ww3_ounf
---------------------
make[2]: Entering directory `/gpfs/dell2/emc/modeling/noscrub/Henrique.Alves/GFSv16/UFS/ufs-weather-model/WW3/model/ftn'
make[2]: `/gpfs/dell2/emc/modeling/noscrub/Henrique.Alves/GFSv16/UFS/ufs-weather-model/WW3/model/exe/ww3_ounf' is up to date.
make[2]: Leaving directory `/gpfs/dell2/emc/modeling/noscrub/Henrique.Alves/GFSv16/UFS/ufs-weather-model/WW3/model/ftn'
 
 
                       **********************
                     *** end of compilation ***
                       **********************
 
/gpfs/dell2/emc/modeling/noscrub/Henrique.Alves/GFSv16/UFS/ufs-weather-model/WW3/model/bin/w3_make ww3_ounp
 
                *****************************
              ***   WAVEWATCH III make      ***
                *****************************
 
Main directory    : /gpfs/dell2/emc/modeling/noscrub/Henrique.Alves/GFSv16/UFS/ufs-weather-model/WW3/model
Scratch directory : /gpfs/dell2/emc/modeling/noscrub/Henrique.Alves/GFSv16/UFS/ufs-weather-model/WW3/model/tmp
Save source codes : yes
Save listings     : yes
Shared Object     : No
 
[INFO] list of the programs selected : ww3_ounp
 
Processing ww3_ounp
---------------------
make[2]: Entering directory `/gpfs/dell2/emc/modeling/noscrub/Henrique.Alves/GFSv16/UFS/ufs-weather-model/WW3/model/ftn'
make[2]: `/gpfs/dell2/emc/modeling/noscrub/Henrique.Alves/GFSv16/UFS/ufs-weather-model/WW3/model/exe/ww3_ounp' is up to date.
make[2]: Leaving directory `/gpfs/dell2/emc/modeling/noscrub/Henrique.Alves/GFSv16/UFS/ufs-weather-model/WW3/model/ftn'
 
 
                       **********************
                     *** end of compilation ***
                       **********************
 
\rm -f /gpfs/dell2/emc/modeling/noscrub/Henrique.Alves/GFSv16/UFS/ufs-weather-model/WW3/model/bin/tempswitch
/gpfs/dell2/emc/modeling/noscrub/Henrique.Alves/GFSv16/UFS/ufs-weather-model/WW3/model/bin/w3_make ww3_grib
 
                *****************************
              ***   WAVEWATCH III make      ***
                *****************************
 
Main directory    : /gpfs/dell2/emc/modeling/noscrub/Henrique.Alves/GFSv16/UFS/ufs-weather-model/WW3/model
Scratch directory : /gpfs/dell2/emc/modeling/noscrub/Henrique.Alves/GFSv16/UFS/ufs-weather-model/WW3/model/tmp
Save source codes : yes
Save listings     : yes
Shared Object     : No
 
[INFO] list of the programs selected : ww3_grib
Making makefile ...
 
                *****************************
              ***   WAVEWATCH III makefile  ***
                *****************************
 
switch = /gpfs/dell2/emc/modeling/noscrub/Henrique.Alves/GFSv16/UFS/ufs-weather-model/WW3/model/bin/switch
   new GRIB package
   Checking all subroutines for modules (this may take a while) ...
 
Processing ww3_grib
---------------------
make[2]: Entering directory `/gpfs/dell2/emc/modeling/noscrub/Henrique.Alves/GFSv16/UFS/ufs-weather-model/WW3/model/ftn'
ad3 : processing ww3_grib 
      Linking ww3_grib
make[2]: Leaving directory `/gpfs/dell2/emc/modeling/noscrub/Henrique.Alves/GFSv16/UFS/ufs-weather-model/WW3/model/ftn'
 
 
                       **********************
                     *** end of compilation ***
                       **********************
 
/gpfs/dell2/emc/modeling/noscrub/Henrique.Alves/GFSv16/UFS/ufs-weather-model/WW3/model/bin/w3_make ww3_multi_esmf
 
                *****************************
              ***   WAVEWATCH III make      ***
                *****************************
 
Main directory    : /gpfs/dell2/emc/modeling/noscrub/Henrique.Alves/GFSv16/UFS/ufs-weather-model/WW3/model
Scratch directory : /gpfs/dell2/emc/modeling/noscrub/Henrique.Alves/GFSv16/UFS/ufs-weather-model/WW3/model/tmp
Save source codes : yes
Save listings     : yes
Shared Object     : No
 
[INFO] list of the programs selected : ww3_multi_esmf
 
Processing ww3_multi_esmf
---------------------
make[2]: Entering directory `/gpfs/dell2/emc/modeling/noscrub/Henrique.Alves/GFSv16/UFS/ufs-weather-model/WW3/model/ftn'
r - wmmdatmd.o
r - w3gdatmd.o
r - w3wdatmd.o
r - w3adatmd.o
r - w3idatmd.o
r - w3odatmd.o
r - wmesmfmd.o
r - wminitmd.o
r - wmwavemd.o
r - wmfinlmd.o
r - wmgridmd.o
r - wmupdtmd.o
r - wminiomd.o
r - w3fldsmd.o
r - w3initmd.o
r - w3wavemd.o
r - w3wdasmd.o
r - w3updtmd.o
r - w3profsmd.o
r - w3pro3md.o
r - w3uqckmd.o
r - w3parall.o
r - w3triamd.o
r - w3srcemd.o
r - w3flx1md.o
r - w3src4md.o
r - w3snl1md.o
r - w3sbt1md.o
r - w3sdb1md.o
r - w3iogrmd.o
r - w3iogomd.o
r - w3iopomd.o
r - wmiopomd.o
r - w3iotrmd.o
r - w3iorsmd.o
r - w3iobcmd.o
r - w3iosfmd.o
r - w3partmd.o
r - constants.o
r - w3servmd.o
r - w3timemd.o
r - w3arrymd.o
r - w3dispmd.o
r - w3cspcmd.o
r - w3gsrumd.o
r - wmunitmd.o
r - w3nmlmultimd.o
r - scrip_constants.o
r - scrip_grids.o
r - scrip_iounitsmod.o
r - scrip_remap_vars.o
r - scrip_timers.o
r - scrip_errormod.o
r - scrip_interface.o
r - scrip_kindsmod.o
r - scrip_remap_conservative.o
r - wmscrpmd.o
r - scrip_netcdfmod.o
r - scrip_remap_write.o
r - scrip_remap_read.o
make[2]: Leaving directory `/gpfs/dell2/emc/modeling/noscrub/Henrique.Alves/GFSv16/UFS/ufs-weather-model/WW3/model/ftn'
 
 
                       **********************
                     *** end of compilation ***
                       **********************
 
/gpfs/dell2/emc/modeling/noscrub/Henrique.Alves/GFSv16/UFS/ufs-weather-model/WW3/model/bin/w3_make ww3_multi
 
                *****************************
              ***   WAVEWATCH III make      ***
                *****************************
 
Main directory    : /gpfs/dell2/emc/modeling/noscrub/Henrique.Alves/GFSv16/UFS/ufs-weather-model/WW3/model
Scratch directory : /gpfs/dell2/emc/modeling/noscrub/Henrique.Alves/GFSv16/UFS/ufs-weather-model/WW3/model/tmp
Save source codes : yes
Save listings     : yes
Shared Object     : No
 
[INFO] list of the programs selected : ww3_multi
 
Processing ww3_multi
---------------------
make[2]: Entering directory `/gpfs/dell2/emc/modeling/noscrub/Henrique.Alves/GFSv16/UFS/ufs-weather-model/WW3/model/ftn'
make[2]: `/gpfs/dell2/emc/modeling/noscrub/Henrique.Alves/GFSv16/UFS/ufs-weather-model/WW3/model/exe/ww3_multi' is up to date.
make[2]: Leaving directory `/gpfs/dell2/emc/modeling/noscrub/Henrique.Alves/GFSv16/UFS/ufs-weather-model/WW3/model/ftn'
 
 
                       **********************
                     *** end of compilation ***
                       **********************
 
make[1]: Leaving directory `/gpfs/dell2/emc/modeling/noscrub/Henrique.Alves/GFSv16/UFS/ufs-weather-model/WW3/model/esmf'
mkdir -p /gpfs/dell2/emc/modeling/noscrub/Henrique.Alves/GFSv16/UFS/ufs-weather-model/WW3/WW3_INSTALL
cp /gpfs/dell2/emc/modeling/noscrub/Henrique.Alves/GFSv16/UFS/ufs-weather-model/WW3/model/nuopc.mk /gpfs/dell2/emc/modeling/noscrub/Henrique.Alves/GFSv16/UFS/ufs-weather-model/WW3/WW3_INSTALL/.
test -d "/gpfs/dell2/emc/modeling/noscrub/Henrique.Alves/GFSv16/UFS/ufs-weather-model/WW3/WW3_INSTALL"
( \
echo "# Do not edit this file.  It is automatically generated." ; \
echo "# Edit the component list or /gpfs/dell2/emc/modeling/noscrub/Henrique.Alves/GFSv16/UFS/ufs-weather-model/NEMS/src/conf/configure.nems.NUOPC.in"                          ; \
echo ; cat "/gpfs/dell2/emc/modeling/noscrub/Henrique.Alves/GFSv16/UFS/ufs-weather-model/NEMS/src/conf/configure.nems.NUOPC.in"                                                 ; \
echo fms_mk="/gpfs/dell2/emc/modeling/noscrub/Henrique.Alves/GFSv16/UFS/ufs-weather-model/FMS/FMS_INSTALL/fms.mk" ; echo fv3_mk="/gpfs/dell2/emc/modeling/noscrub/Henrique.Alves/GFSv16/UFS/ufs-weather-model/FV3/FV3_INSTALL/fv3.mk" ; echo ww3_mk="/gpfs/dell2/emc/modeling/noscrub/Henrique.Alves/GFSv16/UFS/ufs-weather-model/WW3/WW3_INSTALL/nuopc.mk" ; ) > "/gpfs/dell2/emc/modeling/noscrub/Henrique.Alves/GFSv16/UFS/ufs-weather-model/NEMS/src/conf/configure.nems.NUOPC"
. /gpfs/dell2/emc/modeling/noscrub/Henrique.Alves/GFSv16/UFS/ufs-weather-model/NEMS/src/conf/module-setup.sh.inc ; stack=`ulimit -S -s`                  ; ulimit -S -s 200000                     ; module use /gpfs/dell2/emc/modeling/noscrub/Henrique.Alves/GFSv16/UFS/ufs-weather-model/NEMS/src/conf                 ; module load modules.nems              ; module list                           ; ulimit -S -s $stack                                         ; \
set -e                                                  ; \
for m in /gpfs/dell2/emc/modeling/noscrub/Henrique.Alves/GFSv16/UFS/ufs-weather-model/FMS/FMS_INSTALL/fms.mk /gpfs/dell2/emc/modeling/noscrub/Henrique.Alves/GFSv16/UFS/ufs-weather-model/FV3/FV3_INSTALL/fv3.mk /gpfs/dell2/emc/modeling/noscrub/Henrique.Alves/GFSv16/UFS/ufs-weather-model/WW3/WW3_INSTALL/nuopc.mk ; do                   \
  test -s $m                                           ; \
done                                                    ; \
echo build NEMS after /gpfs/dell2/emc/modeling/noscrub/Henrique.Alves/GFSv16/UFS/ufs-weather-model/FMS/FMS_INSTALL/fms.mk /gpfs/dell2/emc/modeling/noscrub/Henrique.Alves/GFSv16/UFS/ufs-weather-model/FV3/FV3_INSTALL/fv3.mk /gpfs/dell2/emc/modeling/noscrub/Henrique.Alves/GFSv16/UFS/ufs-weather-model/WW3/WW3_INSTALL/nuopc.mk         ; \
cd /gpfs/dell2/emc/modeling/noscrub/Henrique.Alves/GFSv16/UFS/ufs-weather-model/NEMS/src                                       ; \
make nems                              \
          COMPONENTS="FMS FV3 WW3"                      \
          FMS_DIR=/gpfs/dell2/emc/modeling/noscrub/Henrique.Alves/GFSv16/UFS/ufs-weather-model/FMS/FMS_INSTALL FV3_DIR=/gpfs/dell2/emc/modeling/noscrub/Henrique.Alves/GFSv16/UFS/ufs-weather-model/FV3/FV3_INSTALL WW3_DIR=/gpfs/dell2/emc/modeling/noscrub/Henrique.Alves/GFSv16/UFS/ufs-weather-model/WW3/WW3_INSTALL TARGET="/gpfs/dell2/emc/modeling/noscrub/Henrique.Alves/GFSv16/UFS/ufs-weather-model/NEMS/exe/NEMS.x"    ; \
test -x /gpfs/dell2/emc/modeling/noscrub/Henrique.Alves/GFSv16/UFS/ufs-weather-model/NEMS/exe/NEMS.x

Currently Loaded Modules:
  1) ips/18.0.1.163       8) sp/2.0.3      15) jasper/1.900.29
  2) impi/18.0.1          9) w3nco/2.0.7   16) libpng/1.2.59
  3) NetCDF/4.5.0        10) w3emc/2.3.1   17) zlib/1.2.11
  4) HDF5-serial/1.10.1  11) nemsio/2.2.4  18) post/8.0.0
  5) lsf/10.1            12) g2/3.1.1      19) esmf/8.0.0
  6) bacio/2.0.3         13) g2tmpl/1.5.1  20) cmake/3.10.0
  7) ip/3.0.2            14) crtm/2.2.6    21) modules.nems

 

build NEMS after /gpfs/dell2/emc/modeling/noscrub/Henrique.Alves/GFSv16/UFS/ufs-weather-model/FMS/FMS_INSTALL/fms.mk /gpfs/dell2/emc/modeling/noscrub/Henrique.Alves/GFSv16/UFS/ufs-weather-model/FV3/FV3_INSTALL/fv3.mk /gpfs/dell2/emc/modeling/noscrub/Henrique.Alves/GFSv16/UFS/ufs-weather-model/WW3/WW3_INSTALL/nuopc.mk
Components in linker order: WW3 FV3 FMS
WW3: include /gpfs/dell2/emc/modeling/noscrub/Henrique.Alves/GFSv16/UFS/ufs-weather-model/WW3/WW3_INSTALL/nuopc.mk
FV3: include /gpfs/dell2/emc/modeling/noscrub/Henrique.Alves/GFSv16/UFS/ufs-weather-model/FV3/FV3_INSTALL/fv3.mk
FMS: include /gpfs/dell2/emc/modeling/noscrub/Henrique.Alves/GFSv16/UFS/ufs-weather-model/FMS/FMS_INSTALL/fms.mk
CPPFLAGS += ESMF_VERSION_STRING_GIT="ESMF_8_0_0"
CPPFLAGS += ESMF_VERSION_MAJOR="8"
CPPFLAGS += ESMF_VERSION_REVISION="0"
CPPFLAGS += ESMF_VERSION_BETASNAPSHOT="'F'"
CPPFLAGS += ESMF_VERSION_MINOR="0"
CPPFLAGS += ESMF_VERSION_PATCHLEVEL="0"
CPPFLAGS += ESMF_VERSION_STRING="8.0.0"
CPPFLAGS += ESMF_VERSION_PUBLIC="'T'"
make[1]: Entering directory `/gpfs/dell2/emc/modeling/noscrub/Henrique.Alves/GFSv16/UFS/ufs-weather-model/NEMS/src'
cd ENS_Cpl             && make stub
make[2]: Entering directory `/gpfs/dell2/emc/modeling/noscrub/Henrique.Alves/GFSv16/UFS/ufs-weather-model/NEMS/src/ENS_Cpl'
ar rv ENS_Cpl.a ENS_CplComp_ESMFMod_STUB.o
r - ENS_CplComp_ESMFMod_STUB.o
make[2]: Leaving directory `/gpfs/dell2/emc/modeling/noscrub/Henrique.Alves/GFSv16/UFS/ufs-weather-model/NEMS/src/ENS_Cpl'
echo libgocart is 
libgocart is
echo extlibs is /usrx/local/nceplibs/dev/NCEPLIBS/compilers/ips/18.0.1.163/lib/libncep_post_v8.0.0_4.a /usrx/local/nceplibs/dev/NCEPLIBS/compilers/ips/18.0.1.163/lib/libnemsio_v2.2.4.a /usrx/local/nceplibs/dev/NCEPLIBS/compilers/ips/18.0.1.163/lib/libg2_v3.1.1_4.a /usrx/local/nceplibs/dev/NCEPLIBS/compilers/ips/18.0.1.163/lib/libg2tmpl_v1.5.1.a /usrx/local/nceplibs/dev/NCEPLIBS/compilers/ips/18.0.1.163/lib/libbacio_v2.0.3_4.a /usrx/local/nceplibs/dev/NCEPLIBS/compilers/ips/18.0.1.163/lib/libsp_v2.0.3_d.a /usrx/local/nceplibs/dev/NCEPLIBS/compilers/ips/18.0.1.163/lib/libw3emc_v2.3.1_d.a /usrx/local/nceplibs/dev/NCEPLIBS/compilers/ips/18.0.1.163/lib/libw3nco_v2.0.7_d.a /gpfs/dell1/nco/ops/nwprod/lib/crtm/v2.2.6/ips/18.0.1/libcrtm_v2.2.6.a /usrx/local/prod/packages/gnu/4.8.5/libpng/1.2.59/lib/libpng.a /usrx/local/prod/packages/gnu/4.8.5/jasper/1.900.29/lib/libjasper.a /usrx/local/prod/packages/ips/18.0.1/zlib/1.2.11/lib/libz.a -L/gpfs/dell2/emc/modeling/noscrub/emc.nemspara/soft/esmf/8.0.0/lib -Wl,-rpath,/gpfs/dell2/emc/modeling/noscrub/emc.nemspara/soft/esmf/8.0.0/lib -lesmf  -cxxlib -lrt -ldl -lnetcdff -lnetcdf  -L/usrx/local/prod/packages/ips/18.0.1/netcdf/4.5.0/lib -L/usrx/local/prod/packages/ips/18.0.1/hdf5/1.10.1/lib -qopenmp  -lnetcdff -lhdf5 /usrx/local/prod/packages/ips/18.0.1/zlib/1.2.11/lib/libz.a
extlibs is /usrx/local/nceplibs/dev/NCEPLIBS/compilers/ips/18.0.1.163/lib/libncep_post_v8.0.0_4.a /usrx/local/nceplibs/dev/NCEPLIBS/compilers/ips/18.0.1.163/lib/libnemsio_v2.2.4.a /usrx/local/nceplibs/dev/NCEPLIBS/compilers/ips/18.0.1.163/lib/libg2_v3.1.1_4.a /usrx/local/nceplibs/dev/NCEPLIBS/compilers/ips/18.0.1.163/lib/libg2tmpl_v1.5.1.a /usrx/local/nceplibs/dev/NCEPLIBS/compilers/ips/18.0.1.163/lib/libbacio_v2.0.3_4.a /usrx/local/nceplibs/dev/NCEPLIBS/compilers/ips/18.0.1.163/lib/libsp_v2.0.3_d.a /usrx/local/nceplibs/dev/NCEPLIBS/compilers/ips/18.0.1.163/lib/libw3emc_v2.3.1_d.a /usrx/local/nceplibs/dev/NCEPLIBS/compilers/ips/18.0.1.163/lib/libw3nco_v2.0.7_d.a /gpfs/dell1/nco/ops/nwprod/lib/crtm/v2.2.6/ips/18.0.1/libcrtm_v2.2.6.a /usrx/local/prod/packages/gnu/4.8.5/libpng/1.2.59/lib/libpng.a /usrx/local/prod/packages/gnu/4.8.5/jasper/1.900.29/lib/libjasper.a /usrx/local/prod/packages/ips/18.0.1/zlib/1.2.11/lib/libz.a -L/gpfs/dell2/emc/modeling/noscrub/emc.nemspara/soft/esmf/8.0.0/lib -Wl,-rpath,/gpfs/dell2/emc/modeling/noscrub/emc.nemspara/soft/esmf/8.0.0/lib -lesmf -cxxlib -lrt -ldl -lnetcdff -lnetcdf -L/usrx/local/prod/packages/ips/18.0.1/netcdf/4.5.0/lib -L/usrx/local/prod/packages/ips/18.0.1/hdf5/1.10.1/lib -qopenmp -lnetcdff -lhdf5 /usrx/local/prod/packages/ips/18.0.1/zlib/1.2.11/lib/libz.a
mpiifort  -o /gpfs/dell2/emc/modeling/noscrub/Henrique.Alves/GFSv16/UFS/ufs-weather-model/NEMS/exe/NEMS.x MAIN_NEMS.o module_NEMS_UTILS.o module_MEDIATOR_methods.o module_MEDIATOR.o module_MEDIATOR_SpaceWeather.o module_EARTH_INTERNAL_STATE.o module_EARTH_GRID_COMP.o module_NEMS_INTERNAL_STATE.o module_NEMS_GRID_COMP.o module_NEMS_Rusage.o nems_c_rusage.o  /gpfs/dell2/emc/modeling/noscrub/Henrique.Alves/GFSv16/UFS/ufs-weather-model/WW3/model/obj_HYB/libww3_multi_esmf.a  /gpfs/dell2/emc/modeling/noscrub/Henrique.Alves/GFSv16/UFS/ufs-weather-model/FV3/FV3_INSTALL/libfv3cap.a /gpfs/dell2/emc/modeling/noscrub/Henrique.Alves/GFSv16/UFS/ufs-weather-model/FV3/FV3_INSTALL/libfv3core.a /gpfs/dell2/emc/modeling/noscrub/Henrique.Alves/GFSv16/UFS/ufs-weather-model/FV3/FV3_INSTALL/libfv3io.a /gpfs/dell2/emc/modeling/noscrub/Henrique.Alves/GFSv16/UFS/ufs-weather-model/FV3/FV3_INSTALL/libipd.a /gpfs/dell2/emc/modeling/noscrub/Henrique.Alves/GFSv16/UFS/ufs-weather-model/FV3/FV3_INSTALL/libgfsphys.a /gpfs/dell2/emc/modeling/noscrub/Henrique.Alves/GFSv16/UFS/ufs-weather-model/FV3/FV3_INSTALL/libfv3cpl.a /gpfs/dell2/emc/modeling/noscrub/Henrique.Alves/GFSv16/UFS/ufs-weather-model/FV3/FV3_INSTALL/libstochastic_physics.a /gpfs/dell2/emc/modeling/noscrub/Henrique.Alves/GFSv16/UFS/ufs-weather-model/FMS/FMS_INSTALL/libfms.a ENS_Cpl/ENS_Cpl.a /usrx/local/nceplibs/dev/NCEPLIBS/compilers/ips/18.0.1.163/lib/libncep_post_v8.0.0_4.a /usrx/local/nceplibs/dev/NCEPLIBS/compilers/ips/18.0.1.163/lib/libnemsio_v2.2.4.a /usrx/local/nceplibs/dev/NCEPLIBS/compilers/ips/18.0.1.163/lib/libg2_v3.1.1_4.a /usrx/local/nceplibs/dev/NCEPLIBS/compilers/ips/18.0.1.163/lib/libg2tmpl_v1.5.1.a /usrx/local/nceplibs/dev/NCEPLIBS/compilers/ips/18.0.1.163/lib/libbacio_v2.0.3_4.a /usrx/local/nceplibs/dev/NCEPLIBS/compilers/ips/18.0.1.163/lib/libsp_v2.0.3_d.a /usrx/local/nceplibs/dev/NCEPLIBS/compilers/ips/18.0.1.163/lib/libw3emc_v2.3.1_d.a /usrx/local/nceplibs/dev/NCEPLIBS/compilers/ips/18.0.1.163/lib/libw3nco_v2.0.7_d.a /gpfs/dell1/nco/ops/nwprod/lib/crtm/v2.2.6/ips/18.0.1/libcrtm_v2.2.6.a /usrx/local/prod/packages/gnu/4.8.5/libpng/1.2.59/lib/libpng.a /usrx/local/prod/packages/gnu/4.8.5/jasper/1.900.29/lib/libjasper.a /usrx/local/prod/packages/ips/18.0.1/zlib/1.2.11/lib/libz.a -L/gpfs/dell2/emc/modeling/noscrub/emc.nemspara/soft/esmf/8.0.0/lib -Wl,-rpath,/gpfs/dell2/emc/modeling/noscrub/emc.nemspara/soft/esmf/8.0.0/lib -lesmf  -cxxlib -lrt -ldl -lnetcdff -lnetcdf  -L/usrx/local/prod/packages/ips/18.0.1/netcdf/4.5.0/lib -L/usrx/local/prod/packages/ips/18.0.1/hdf5/1.10.1/lib -qopenmp  -lnetcdff -lhdf5 /usrx/local/prod/packages/ips/18.0.1/zlib/1.2.11/lib/libz.a  
/usrx/local/prod/packages/gnu/4.8.5/jasper/1.900.29/lib/libjasper.a(jas_stream.o): In function `jas_stream_tmpfile':
/usrx/local/prod/packages/gnu/4.8.5/jasper/1.900.29/src/jasper-1.900.29/src/libjasper/base/jas_stream.c:520: warning: the use of `tmpnam' is dangerous, better use `mkstemp'
/gpfs/dell2/emc/modeling/noscrub/Henrique.Alves/GFSv16/UFS/ufs-weather-model/NEMS/exe/NEMS.x is created.
make[1]: Leaving directory `/gpfs/dell2/emc/modeling/noscrub/Henrique.Alves/GFSv16/UFS/ufs-weather-model/NEMS/src'
+ cd /gpfs/dell2/emc/modeling/noscrub/Henrique.Alves/GFSv16/UFS/ufs-weather-model/NEMS/src
+ cp -fp ../exe/NEMS.x /gpfs/dell3/ptmp/Henrique.Alves/rtgen.11572/exec/fv3_ww3.exe
+ cp -fp conf/modules.nems /gpfs/dell3/ptmp/Henrique.Alves/rtgen.11572/include/modules_fv3_ww3
+ md5sum /gpfs/dell3/ptmp/Henrique.Alves/rtgen.11572/exec/fv3_ww3.exe
+ unset md5sum
+ unset OPTS
+ set -xe
+ set -xe
+ test -s /gpfs/dell3/ptmp/Henrique.Alves/rtgen.11572/exec/fv3_ww3.exe
+ test -x /gpfs/dell3/ptmp/Henrique.Alves/rtgen.11572/exec/fv3_ww3.exe

------------------------------------------------------------
Sender: LSF System <lsfadmin@m71e14f>
Subject: Job 14549799: <rt_build_fv3_ww3.exe> in cluster <mars> Done

Job <rt_build_fv3_ww3.exe> was submitted from host <m72a3f> by user <Henrique.Alves> in cluster <mars> at Thu Jan  9 02:32:09 2020
Job was executed on host(s) <m71e14f>, in queue <dev_transfer>, as user <Henrique.Alves> in cluster <mars> at Thu Jan  9 02:32:10 2020
</u/Henrique.Alves> was used as the home directory.
</gpfs/dell3/ptmp/Henrique.Alves/rtgen.11572/rocoto> was used as the working directory.
Started at Thu Jan  9 02:32:10 2020
Terminated at Thu Jan  9 02:33:05 2020
Results reported at Thu Jan  9 02:33:05 2020

Your job looked like:

------------------------------------------------------------
# LSBATCH: User input
/gpfs/dell3/usrx/local/dev/emc_rocoto/rocoto-1.3.0rc2/sbin/lsfwrapper.sh sh -c "cd /gpfs/dell3/ptmp/Henrique.Alves/rtgen.11572/src ; ./install.sh fv3_ww3.exe"
------------------------------------------------------------

Successfully completed.

Resource usage summary:

    CPU time :                                   44.61 sec.
    Max Memory :                                 12 MB
    Average Memory :                             10.50 MB
    Total Requested Memory :                     6144.00 MB
    Delta Memory :                               6132.00 MB
    Max Swap :                                   -
    Max Processes :                              13
    Max Threads :                                14
    Run time :                                   55 sec.
    Turnaround time :                            56 sec.

The output (if any) is above this job summary.

[Thu Jan  9 02:33:05 UTC 2020] /usrx/local/lsf/conf/scripts/ncep_post_exec_shared_ecflow.ksh: /var/lsf/ecflow_post_in.Henrique.Alves.14549799 file not found or empty.  Job is not eligible for ecflow abort notification.
